<?xml version="1.0" encoding="UTF-8"?>
<!-- Generated by org.testng.reporters.JUnitXMLReporter -->
<testsuite ignored="0" hostname="LAPTOP-JPI8IKU8" failures="0" tests="7" name="Test" time="17.986" errors="0" timestamp="2026-02-24T16:42:13 IST">
  <testcase classname="testscript.LoginPageTest" name="LoginCorrectUsernameAndIncorrectPassword" time="1.174"/>
  <testcase classname="testscript.LoginPageTest" name="LoginIncorrectUsernameAndCorrectPassword" time="0.296"/>
  <testcase classname="testscript.LoginPageTest" name="LoginIncorrectUsernameAndIncorrectPassword" time="0.685"/>
  <testcase classname="testscript.LoginPageTest" name="LoginIncorrectUsernameAndIncorrectPassword" time="0.373"/>
  <testcase classname="testscript.LoginPageTest" name="LoginIncorrectUsernameAndIncorrectPassword" time="0.34"/>
  <testcase classname="testscript.LoginPageTest" name="LoginIncorrectUsernameAndIncorrectPassword" time="0.336"/>
  <testcase classname="testscript.LoginPageTest" name="verifyUserCanSignIn" time="0.931"/>
</testsuite> <!-- Test -->
