<?xml version="1.0" encoding="UTF-8"?>
<!-- Generated by org.testng.reporters.JUnitXMLReporter -->
<testsuite ignored="2" hostname="LAPTOP-JPI8IKU8" failures="0" tests="2" name="Grouping" time="5.754" errors="0" timestamp="2026-03-23T14:12:25 IST">
  <testcase classname="testscript.LoginPageTest" name="LoginIncorrectUsernameAndCorrectPassword" time="0.356"/>
  <testcase classname="testscript.LoginPageTest" name="verifyUserCanSignIn" time="0.669"/>
  <testcase classname="testscript.LoginPageTest" name="LoginIncorrectUsernameAndIncorrectPassword" time="0.0">
    <ignored/>
  </testcase> <!-- LoginIncorrectUsernameAndIncorrectPassword -->
  <testcase classname="testscript.LoginPageTest" name="LoginCorrectUsernameAndIncorrectPassword" time="0.0">
    <ignored/>
  </testcase> <!-- LoginCorrectUsernameAndIncorrectPassword -->
</testsuite> <!-- Grouping -->
